<?xml version="1.0" encoding="UTF-8"?>
<!-- Generated by org.testng.reporters.JUnitReportReporter -->
<testsuite hostname="DESKTOP-C0K6CVK" failures="0" tests="11" name="runner.MyRunner" time="61.670" errors="0" timestamp="2023-04-08T10:35:01 IST" skipped="0">
  <testcase classname="runner.MyRunner" name="runScenario" time="4.392"/>
  <system-out/>
  <testcase classname="runner.MyRunner" name="runScenario" time="5.729"/>
  <system-out/>
  <testcase classname="runner.MyRunner" name="runScenario" time="5.312"/>
  <system-out/>
  <testcase classname="runner.MyRunner" name="runScenario" time="6.443"/>
  <system-out/>
  <testcase classname="runner.MyRunner" name="runScenario" time="8.622"/>
  <system-out/>
  <testcase classname="runner.MyRunner" name="runScenario" time="4.981"/>
  <system-out/>
  <testcase classname="runner.MyRunner" name="runScenario" time="4.639"/>
  <system-out/>
  <testcase classname="runner.MyRunner" name="runScenario" time="4.339"/>
  <system-out/>
  <testcase classname="runner.MyRunner" name="runScenario" time="5.398"/>
  <system-out/>
  <testcase classname="runner.MyRunner" name="runScenario" time="4.984"/>
  <system-out/>
  <testcase classname="runner.MyRunner" name="runScenario" time="6.831"/>
  <system-out/>
</testsuite> <!-- runner.MyRunner -->
