<?xml version="1.0" encoding="UTF-8"?>
<!-- Generated by org.testng.reporters.JUnitReportReporter -->
<testsuite hostname="DESKTOP-C0K6CVK" failures="0" tests="11" name="runner.MyRunner" time="47.727" errors="0" timestamp="2023-04-08T01:11:16 IST" skipped="0">
  <testcase classname="runner.MyRunner" name="runScenario" time="5.539"/>
  <system-out/>
  <testcase classname="runner.MyRunner" name="runScenario" time="6.895"/>
  <system-out/>
  <testcase classname="runner.MyRunner" name="runScenario" time="4.383"/>
  <system-out/>
  <testcase classname="runner.MyRunner" name="runScenario" time="4.111"/>
  <system-out/>
  <testcase classname="runner.MyRunner" name="runScenario" time="4.651"/>
  <system-out/>
  <testcase classname="runner.MyRunner" name="runScenario" time="4.874"/>
  <system-out/>
  <testcase classname="runner.MyRunner" name="runScenario" time="3.624"/>
  <system-out/>
  <testcase classname="runner.MyRunner" name="runScenario" time="2.932"/>
  <system-out/>
  <testcase classname="runner.MyRunner" name="runScenario" time="3.568"/>
  <system-out/>
  <testcase classname="runner.MyRunner" name="runScenario" time="3.656"/>
  <system-out/>
  <testcase classname="runner.MyRunner" name="runScenario" time="3.494"/>
  <system-out/>
</testsuite> <!-- runner.MyRunner -->
