<?xml version="1.0" encoding="UTF-8"?>
<!-- Generated by org.testng.reporters.JUnitReportReporter -->
<testsuite hostname="DESKTOP-C0K6CVK" failures="0" tests="11" name="runner.MyRunner" time="47.732" errors="0" timestamp="2023-04-07T19:03:09 IST" skipped="0">
  <testcase classname="runner.MyRunner" name="runScenario" time="4.474"/>
  <system-out/>
  <testcase classname="runner.MyRunner" name="runScenario" time="4.078"/>
  <system-out/>
  <testcase classname="runner.MyRunner" name="runScenario" time="4.151"/>
  <system-out/>
  <testcase classname="runner.MyRunner" name="runScenario" time="4.759"/>
  <system-out/>
  <testcase classname="runner.MyRunner" name="runScenario" time="3.686"/>
  <system-out/>
  <testcase classname="runner.MyRunner" name="runScenario" time="5.974"/>
  <system-out/>
  <testcase classname="runner.MyRunner" name="runScenario" time="4.533"/>
  <system-out/>
  <testcase classname="runner.MyRunner" name="runScenario" time="3.802"/>
  <system-out/>
  <testcase classname="runner.MyRunner" name="runScenario" time="3.982"/>
  <system-out/>
  <testcase classname="runner.MyRunner" name="runScenario" time="3.915"/>
  <system-out/>
  <testcase classname="runner.MyRunner" name="runScenario" time="4.378"/>
  <system-out/>
</testsuite> <!-- runner.MyRunner -->
